
> ptak-expo-backend@1.0.0 dev
> nodemon src/index.js

[33m[nodemon] 3.1.10[39m
[33m[nodemon] to restart at any time, enter `rs`[39m
[33m[nodemon] watching path(s): *.*[39m
[33m[nodemon] watching extensions: js,mjs,cjs,json[39m
[32m[nodemon] starting `node src/index.js`[39m
🚀 PTAK EXPO Backend API running on port 3001
📊 Environment: development
🔗 Health check: http://localhost:3001/api/v1/health
❌ Error initializing database: Error: getaddrinfo ENOTFOUND postgres.railway.internal
    at /Users/kid/Ptak-expo/ptak-expo-backend/node_modules/pg-pool/index.js:45:11
    at process.processTicksAndRejections (node:internal/process/task_queues:95:5)
    at async initializeDatabase (/Users/kid/Ptak-expo/ptak-expo-backend/src/config/database.js:22:5) {
  errno: -3008,
  code: 'ENOTFOUND',
  syscall: 'getaddrinfo',
  hostname: 'postgres.railway.internal'
}
[32m[nodemon] clean exit - waiting for changes before restart[39m
node:events:502
      throw er; // Unhandled 'error' event
      ^

Error: read EIO
    at TTY.onStreamRead (node:internal/stream_base_commons:218:20)
Emitted 'error' event on ReadStream instance at:
    at emitErrorNT (node:internal/streams/destroy:169:8)
    at emitErrorCloseNT (node:internal/streams/destroy:128:3)
    at process.processTicksAndRejections (node:internal/process/task_queues:82:21) {
  errno: -5,
  code: 'EIO',
  syscall: 'read'
}

Node.js v20.19.1
